Using pre-set license
Built from '2021.3/staging' branch; Version is '2021.3.10f1 (1c7d0df0160b) revision 1867021'; Using compiler version '192829333'; Build Type 'Release'
OS: 'Windows 11  (10.0.22000) 64bit Enterprise' Language: 'en' Physical Memory: 32435 MB
BatchMode: 1, IsHumanControllingUs: 0, StartBugReporterOnCrash: 0, Is64bit: 1, IsPro: 1

COMMAND LINE ARGUMENTS:
C:\Program Files\Unity\Hub\Editor\2021.3.10f1\Editor\Unity.exe
-adb2
-batchMode
-noUpm
-name
AssetImportWorker7
-projectPath
C:/Users/arnonperetz/ShapeInvaderz
-logFile
Logs/AssetImportWorker7.log
-srvPort
50297
Successfully changed project path to: C:/Users/arnonperetz/ShapeInvaderz
C:/Users/arnonperetz/ShapeInvaderz
[UnityMemory] Configuration Parameters - Can be set up in boot.config
    "memorysetup-bucket-allocator-granularity=16"
    "memorysetup-bucket-allocator-bucket-count=8"
    "memorysetup-bucket-allocator-block-size=33554432"
    "memorysetup-bucket-allocator-block-count=8"
    "memorysetup-main-allocator-block-size=16777216"
    "memorysetup-thread-allocator-block-size=16777216"
    "memorysetup-gfx-main-allocator-block-size=16777216"
    "memorysetup-gfx-thread-allocator-block-size=16777216"
    "memorysetup-cache-allocator-block-size=4194304"
    "memorysetup-typetree-allocator-block-size=2097152"
    "memorysetup-profiler-bucket-allocator-granularity=16"
    "memorysetup-profiler-bucket-allocator-bucket-count=8"
    "memorysetup-profiler-bucket-allocator-block-size=33554432"
    "memorysetup-profiler-bucket-allocator-block-count=8"
    "memorysetup-profiler-allocator-block-size=16777216"
    "memorysetup-profiler-editor-allocator-block-size=1048576"
    "memorysetup-temp-allocator-size-main=16777216"
    "memorysetup-job-temp-allocator-block-size=2097152"
    "memorysetup-job-temp-allocator-block-size-background=1048576"
    "memorysetup-job-temp-allocator-reduction-small-platforms=262144"
    "memorysetup-temp-allocator-size-background-worker=32768"
    "memorysetup-temp-allocator-size-job-worker=262144"
    "memorysetup-temp-allocator-size-preload-manager=33554432"
    "memorysetup-temp-allocator-size-nav-mesh-worker=65536"
    "memorysetup-temp-allocator-size-audio-worker=65536"
    "memorysetup-temp-allocator-size-cloud-worker=32768"
    "memorysetup-temp-allocator-size-gi-baking-worker=262144"
    "memorysetup-temp-allocator-size-gfx=262144"
Refreshing native plugins compatible for Editor in 52.94 ms, found 3 plugins.
Preloading 0 native plugins for Editor in 0.00 ms.
Initialize engine version: 2021.3.10f1 (1c7d0df0160b)
[Subsystems] Discovering subsystems at path C:/Program Files/Unity/Hub/Editor/2021.3.10f1/Editor/Data/Resources/UnitySubsystems
[Subsystems] Discovering subsystems at path C:/Users/arnonperetz/ShapeInvaderz/Assets
GfxDevice: creating device client; threaded=0; jobified=0
Direct3D:
    Version:  Direct3D 11.0 [level 11.1]
    Renderer: Intel(R) Iris(R) Xe Graphics (ID=0x46a6)
    Vendor:   Intel
    VRAM:     16217 MB
    Driver:   31.0.101.3413
Initialize mono
Mono path[0] = 'C:/Program Files/Unity/Hub/Editor/2021.3.10f1/Editor/Data/Managed'
Mono path[1] = 'C:/Program Files/Unity/Hub/Editor/2021.3.10f1/Editor/Data/MonoBleedingEdge/lib/mono/unityjit-win32'
Mono config path = 'C:/Program Files/Unity/Hub/Editor/2021.3.10f1/Editor/Data/MonoBleedingEdge/etc'
Using monoOptions --debugger-agent=transport=dt_socket,embedding=1,server=y,suspend=n,address=127.0.0.1:56340
Begin MonoManager ReloadAssembly
Registering precompiled unity dll's ...
Register platform support module: C:/Program Files/Unity/Hub/Editor/2021.3.10f1/Editor/Data/PlaybackEngines/WebGLSupport/UnityEditor.WebGL.Extensions.dll
Register platform support module: C:/Program Files/Unity/Hub/Editor/2021.3.10f1/Editor/Data/PlaybackEngines/WindowsStandaloneSupport/UnityEditor.WindowsStandalone.Extensions.dll
Registered in 0.002804 seconds.
Native extension for WindowsStandalone target not found
Native extension for WebGL target not found
Refreshing native plugins compatible for Editor in 49.94 ms, found 3 plugins.
Preloading 0 native plugins for Editor in 0.00 ms.
Mono: successfully reloaded assembly
- Completed reload, in  0.406 seconds
Domain Reload Profiling:
	ReloadAssembly (406ms)
		BeginReloadAssembly (46ms)
			ExecutionOrderSort (0ms)
			DisableScriptedObjects (0ms)
			BackupInstance (0ms)
			ReleaseScriptingObjects (0ms)
			CreateAndSetChildDomain (1ms)
		EndReloadAssembly (297ms)
			LoadAssemblies (44ms)
			RebuildTransferFunctionScriptingTraits (0ms)
			SetupTypeCache (61ms)
			ReleaseScriptCaches (0ms)
			RebuildScriptCaches (20ms)
			SetupLoadedEditorAssemblies (183ms)
				LogAssemblyErrors (0ms)
				InitializePlatformSupportModulesInManaged (6ms)
				SetLoadedEditorAssemblies (0ms)
				RefreshPlugins (50ms)
				BeforeProcessingInitializeOnLoad (1ms)
				ProcessInitializeOnLoadAttributes (95ms)
				ProcessInitializeOnLoadMethodAttributes (32ms)
				AfterProcessingInitializeOnLoad (0ms)
				EditorAssembliesLoaded (0ms)
			ExecutionOrderSort2 (0ms)
			AwakeInstancesAfterBackupRestoration (0ms)
Platform modules already initialized, skipping
Registering precompiled user dll's ...
Registered in 0.003597 seconds.
Begin MonoManager ReloadAssembly
Symbol file LoadedFromMemory doesn't match image C:\Users\arnonperetz\ShapeInvaderz\Library\PackageCache\com.unity.visualscripting@1.7.8\Editor\VisualScripting.Core\Dependencies\YamlDotNet\Unity.VisualScripting.YamlDotNet.dll
Symbol file LoadedFromMemory doesn't match image C:\Users\arnonperetz\ShapeInvaderz\Library\PackageCache\com.unity.visualscripting@1.7.8\Editor\VisualScripting.Core\Dependencies\DotNetZip\Unity.VisualScripting.IonicZip.dll
Native extension for WindowsStandalone target not found
Native extension for WebGL target not found
Refreshing native plugins compatible for Editor in 0.41 ms, found 3 plugins.
Preloading 0 native plugins for Editor in 0.00 ms.
Mono: successfully reloaded assembly
- Completed reload, in  7.649 seconds
Domain Reload Profiling:
	ReloadAssembly (7650ms)
		BeginReloadAssembly (79ms)
			ExecutionOrderSort (0ms)
			DisableScriptedObjects (4ms)
			BackupInstance (0ms)
			ReleaseScriptingObjects (0ms)
			CreateAndSetChildDomain (15ms)
		EndReloadAssembly (7387ms)
			LoadAssemblies (4536ms)
			RebuildTransferFunctionScriptingTraits (0ms)
			SetupTypeCache (935ms)
			ReleaseScriptCaches (0ms)
			RebuildScriptCaches (36ms)
			SetupLoadedEditorAssemblies (1857ms)
				LogAssemblyErrors (0ms)
				InitializePlatformSupportModulesInManaged (4ms)
				SetLoadedEditorAssemblies (0ms)
				RefreshPlugins (0ms)
				BeforeProcessingInitializeOnLoad (63ms)
				ProcessInitializeOnLoadAttributes (322ms)
				ProcessInitializeOnLoadMethodAttributes (1463ms)
				AfterProcessingInitializeOnLoad (4ms)
				EditorAssembliesLoaded (0ms)
			ExecutionOrderSort2 (0ms)
			AwakeInstancesAfterBackupRestoration (4ms)
Platform modules already initialized, skipping
========================================================================
Worker process is ready to serve import requests
Launched and connected shader compiler UnityShaderCompiler.exe after 0.11 seconds
Refreshing native plugins compatible for Editor in 0.43 ms, found 3 plugins.
Preloading 0 native plugins for Editor in 0.00 ms.
Unloading 3442 Unused Serialized files (Serialized files now loaded: 0)
Unloading 27 unused Assets / (114.1 KB). Loaded Objects now: 3905.
Memory consumption went from 197.7 MB to 197.6 MB.
Total: 3.374900 ms (FindLiveObjects: 0.209000 ms CreateObjectMapping: 0.082500 ms MarkObjects: 2.976100 ms  DeleteObjects: 0.106200 ms)

AssetImportParameters requested are different than current active one (requested -> active):
  custom:video-decoder-ogg-theora: a1e56fd34408186e4bbccfd4996cb3dc -> 
  custom:container-muxer-webm: aa71ff27fc2769a1b78a27578f13a17b -> 
  custom:container-demuxer-webm: 4f35f7cbe854078d1ac9338744f61a02 -> 
  custom:video-encoder-webm-vp8: eb34c28f22e8b96e1ab97ce403110664 -> 
  custom:audio-encoder-webm-vorbis: bf7c407c2cedff20999df2af8eb42d56 -> 
  custom:framework-win-MediaFoundation: 216162199b28c13a410421893ffa2e32 -> 
  custom:container-demuxer-ogg: 62fdf1f143b41e24485cea50d1cbac27 -> 
  custom:video-decoder-webm-vp8: 9c59270c3fd7afecdb556c50c9e8de78 -> 
  custom:audio-decoder-ogg-vorbis: bf7c407c2cedff20999df2af8eb42d56 -> 
========================================================================
Received Import Request.
  Time since last request: 48219.913002 seconds.
  path: Assets/Treys/Spaceships/Prefabs/10.3.prefab
  artifactKey: Guid(49e7685687bdfe5439ccc63b03546fe9) Importer(815301076,1909f56bfc062723c751e8b465ee728b)
Start importing Assets/Treys/Spaceships/Prefabs/10.3.prefab using Guid(49e7685687bdfe5439ccc63b03546fe9) Importer(815301076,1909f56bfc062723c751e8b465ee728b)  -> (artifact id: '67f0857a27f30b35b971de880c004a12') in 0.116550 seconds 
========================================================================
Received Import Request.
  Time since last request: 0.000032 seconds.
  path: Assets/Treys/Spaceships/Prefabs/10.5.prefab
  artifactKey: Guid(9acebd848c5e80240a98c64dcef3d2ae) Importer(815301076,1909f56bfc062723c751e8b465ee728b)
Start importing Assets/Treys/Spaceships/Prefabs/10.5.prefab using Guid(9acebd848c5e80240a98c64dcef3d2ae) Importer(815301076,1909f56bfc062723c751e8b465ee728b)  -> (artifact id: '9a6e21e98a7e95f7a28ecc892bcb4d6a') in 0.029936 seconds 
========================================================================
Received Import Request.
  Time since last request: 0.000034 seconds.
  path: Assets/Treys/Spaceships/Prefabs/11.3.prefab
  artifactKey: Guid(f55920731bc14b045ba0c6d25208bb18) Importer(815301076,1909f56bfc062723c751e8b465ee728b)
Start importing Assets/Treys/Spaceships/Prefabs/11.3.prefab using Guid(f55920731bc14b045ba0c6d25208bb18) Importer(815301076,1909f56bfc062723c751e8b465ee728b)  -> (artifact id: '1bc2ea0f2194639ba1ddada61c2592e7') in 0.025888 seconds 
========================================================================
Received Import Request.
  Time since last request: 0.000030 seconds.
  path: Assets/Treys/Spaceships/Prefabs/11.2.prefab
  artifactKey: Guid(de81c4cc4a723254cba1427028cca900) Importer(815301076,1909f56bfc062723c751e8b465ee728b)
Start importing Assets/Treys/Spaceships/Prefabs/11.2.prefab using Guid(de81c4cc4a723254cba1427028cca900) Importer(815301076,1909f56bfc062723c751e8b465ee728b)  -> (artifact id: '613100208ffbb86e0bd1f85748b3d7ce') in 0.024725 seconds 
========================================================================
Received Import Request.
  Time since last request: 0.290985 seconds.
  path: Assets/Treys/Spaceships/Prefabs/12.2.prefab
  artifactKey: Guid(e215d4550353d0948be4d3f890efed0e) Importer(815301076,1909f56bfc062723c751e8b465ee728b)
Start importing Assets/Treys/Spaceships/Prefabs/12.2.prefab using Guid(e215d4550353d0948be4d3f890efed0e) Importer(815301076,1909f56bfc062723c751e8b465ee728b)  -> (artifact id: '11cfca81b4327f4dccbc84d3694812be') in 0.021590 seconds 
========================================================================
Received Import Request.
  Time since last request: 0.000022 seconds.
  path: Assets/Treys/Spaceships/Prefabs/13.1.prefab
  artifactKey: Guid(6c22508764ce3144cbd293103bc8bd4d) Importer(815301076,1909f56bfc062723c751e8b465ee728b)
Start importing Assets/Treys/Spaceships/Prefabs/13.1.prefab using Guid(6c22508764ce3144cbd293103bc8bd4d) Importer(815301076,1909f56bfc062723c751e8b465ee728b)  -> (artifact id: '4e414d7812f6bb7bc278b2ba088fb5c4') in 0.024512 seconds 
========================================================================
Received Import Request.
  Time since last request: 0.000018 seconds.
  path: Assets/Treys/Spaceships/Prefabs/12.4.prefab
  artifactKey: Guid(745a77cdc3b71b24cbf3595622c5d198) Importer(815301076,1909f56bfc062723c751e8b465ee728b)
Start importing Assets/Treys/Spaceships/Prefabs/12.4.prefab using Guid(745a77cdc3b71b24cbf3595622c5d198) Importer(815301076,1909f56bfc062723c751e8b465ee728b)  -> (artifact id: '76bf2bb51d372c3587da08b7d049d3b8') in 0.028805 seconds 
========================================================================
Received Import Request.
  Time since last request: 0.000022 seconds.
  path: Assets/Treys/Spaceships/Prefabs/13.3.prefab
  artifactKey: Guid(b4b3ea93ca002c64cb198d673ab3ef47) Importer(815301076,1909f56bfc062723c751e8b465ee728b)
Start importing Assets/Treys/Spaceships/Prefabs/13.3.prefab using Guid(b4b3ea93ca002c64cb198d673ab3ef47) Importer(815301076,1909f56bfc062723c751e8b465ee728b)  -> (artifact id: '49d0755a59144c3e3a4538fd58d20805') in 0.029215 seconds 
Editor requested this worker to shutdown with reason: Scaling down because of idle timeout
AssetImportWorker is now disconnected from the server
Process exiting
Exiting without the bug reporter. Application will terminate with return code 0